<?xml version="1.0" encoding="UTF-8"?>
<coverage generated="1729950346100" clover="3.2.0">
  <project timestamp="1729950346100" name="All files">
    <metrics statements="42" coveredstatements="31" conditionals="12" coveredconditionals="4" methods="22" coveredmethods="18" elements="76" coveredelements="53" complexity="0" loc="42" ncloc="42" packages="1" files="3" classes="3"/>
    <file name="accountSevice.js" path="D:\CODE\F-BEE24001186-km7-roy-bankingsystem-ch2\src\server\services\accountSevice.js">
      <metrics statements="7" coveredstatements="7" conditionals="0" coveredconditionals="0" methods="7" coveredmethods="7"/>
      <line num="5" count="7" type="stmt"/>
      <line num="9" count="1" type="stmt"/>
      <line num="17" count="1" type="stmt"/>
      <line num="26" count="1" type="stmt"/>
      <line num="34" count="1" type="stmt"/>
      <line num="49" count="1" type="stmt"/>
      <line num="56" count="1" type="stmt"/>
    </file>
    <file name="transactionService.js" path="D:\CODE\F-BEE24001186-km7-roy-bankingsystem-ch2\src\server\services\transactionService.js">
      <metrics statements="19" coveredstatements="8" conditionals="8" coveredconditionals="1" methods="8" coveredmethods="4"/>
      <line num="5" count="3" type="stmt"/>
      <line num="9" count="1" type="stmt"/>
      <line num="24" count="2" type="stmt"/>
      <line num="45" count="1" type="stmt"/>
      <line num="49" count="1" type="stmt"/>
      <line num="65" count="1" type="cond" truecount="1" falsecount="1"/>
      <line num="67" count="1" type="stmt"/>
      <line num="88" count="1" type="stmt"/>
      <line num="92" count="0" type="stmt"/>
      <line num="110" count="0" type="stmt"/>
      <line num="116" count="0" type="stmt"/>
      <line num="120" count="0" type="cond" truecount="0" falsecount="2"/>
      <line num="122" count="0" type="cond" truecount="0" falsecount="2"/>
      <line num="124" count="0" type="stmt"/>
      <line num="126" count="0" type="stmt"/>
      <line num="133" count="0" type="stmt"/>
      <line num="137" count="0" type="cond" truecount="0" falsecount="2"/>
      <line num="139" count="0" type="stmt"/>
      <line num="141" count="0" type="stmt"/>
    </file>
    <file name="userService.js" path="D:\CODE\F-BEE24001186-km7-roy-bankingsystem-ch2\src\server\services\userService.js">
      <metrics statements="16" coveredstatements="16" conditionals="4" coveredconditionals="3" methods="7" coveredmethods="7"/>
      <line num="5" count="7" type="stmt"/>
      <line num="9" count="1" type="stmt"/>
      <line num="17" count="1" type="stmt"/>
      <line num="24" count="1" type="stmt"/>
      <line num="30" count="1" type="stmt"/>
      <line num="31" count="1" type="stmt"/>
      <line num="45" count="2" type="stmt"/>
      <line num="46" count="2" type="stmt"/>
      <line num="48" count="2" type="stmt"/>
      <line num="56" count="2" type="cond" truecount="1" falsecount="1"/>
      <line num="57" count="2" type="stmt"/>
      <line num="60" count="1" type="stmt"/>
      <line num="64" count="2" type="stmt"/>
      <line num="68" count="2" type="cond" truecount="2" falsecount="0"/>
      <line num="69" count="1" type="stmt"/>
      <line num="72" count="1" type="stmt"/>
    </file>
  </project>
</coverage>
