<?xml version="1.0" encoding="UTF-8"?>
<coverage generated="1729939095676" clover="3.2.0">
  <project timestamp="1729939095677" name="All files">
    <metrics statements="16" coveredstatements="16" conditionals="4" coveredconditionals="3" methods="7" coveredmethods="7" elements="27" coveredelements="26" complexity="0" loc="16" ncloc="16" packages="1" files="1" classes="1"/>
    <file name="userService.js" path="D:\CODE\F-BEE24001186-km7-roy-bankingsystem-ch2\src\server\services\userService.js">
      <metrics statements="16" coveredstatements="16" conditionals="4" coveredconditionals="3" methods="7" coveredmethods="7"/>
      <line num="5" count="7" type="stmt"/>
      <line num="9" count="1" type="stmt"/>
      <line num="17" count="1" type="stmt"/>
      <line num="24" count="1" type="stmt"/>
      <line num="30" count="1" type="stmt"/>
      <line num="31" count="1" type="stmt"/>
      <line num="45" count="2" type="stmt"/>
      <line num="46" count="2" type="stmt"/>
      <line num="48" count="2" type="stmt"/>
      <line num="56" count="2" type="cond" truecount="1" falsecount="1"/>
      <line num="57" count="2" type="stmt"/>
      <line num="60" count="1" type="stmt"/>
      <line num="64" count="2" type="stmt"/>
      <line num="68" count="2" type="cond" truecount="2" falsecount="0"/>
      <line num="69" count="1" type="stmt"/>
      <line num="72" count="1" type="stmt"/>
    </file>
  </project>
</coverage>
