{"D:\\CODE\\F-BEE24001186-km7-roy-bankingsystem-ch2\\src\\server\\services\\accountSevice.js": {"path":"D:\\CODE\\F-BEE24001186-km7-roy-bankingsystem-ch2\\src\\server\\services\\accountSevice.js","statementMap":{"0":{"start":{"line":5,"column":4},"end":{"line":5,"column":37}},"1":{"start":{"line":9,"column":4},"end":{"line":13,"column":7}},"2":{"start":{"line":17,"column":4},"end":{"line":22,"column":7}},"3":{"start":{"line":26,"column":4},"end":{"line":30,"column":7}},"4":{"start":{"line":34,"column":4},"end":{"line":45,"column":7}},"5":{"start":{"line":49,"column":4},"end":{"line":52,"column":7}},"6":{"start":{"line":56,"column":4},"end":{"line":58,"column":7}}},"fnMap":{"0":{"name":"(anonymous_0)","decl":{"start":{"line":4,"column":2},"end":{"line":4,"column":3}},"loc":{"start":{"line":4,"column":16},"end":{"line":6,"column":3}},"line":4},"1":{"name":"(anonymous_1)","decl":{"start":{"line":8,"column":2},"end":{"line":8,"column":3}},"loc":{"start":{"line":8,"column":24},"end":{"line":14,"column":3}},"line":8},"2":{"name":"(anonymous_2)","decl":{"start":{"line":16,"column":2},"end":{"line":16,"column":3}},"loc":{"start":{"line":16,"column":27},"end":{"line":23,"column":3}},"line":16},"3":{"name":"(anonymous_3)","decl":{"start":{"line":25,"column":2},"end":{"line":25,"column":3}},"loc":{"start":{"line":25,"column":34},"end":{"line":31,"column":3}},"line":25},"4":{"name":"(anonymous_4)","decl":{"start":{"line":33,"column":2},"end":{"line":33,"column":3}},"loc":{"start":{"line":33,"column":28},"end":{"line":46,"column":3}},"line":33},"5":{"name":"(anonymous_5)","decl":{"start":{"line":48,"column":2},"end":{"line":48,"column":3}},"loc":{"start":{"line":48,"column":32},"end":{"line":53,"column":3}},"line":48},"6":{"name":"(anonymous_6)","decl":{"start":{"line":55,"column":2},"end":{"line":55,"column":3}},"loc":{"start":{"line":55,"column":26},"end":{"line":59,"column":3}},"line":55}},"branchMap":{},"s":{"0":7,"1":1,"2":1,"3":1,"4":1,"5":1,"6":1},"f":{"0":7,"1":1,"2":1,"3":1,"4":1,"5":1,"6":1},"b":{},"_coverageSchema":"1a1c01bbd47fc00a2c39e90264f33305004495a9","hash":"eb64e63e4d1dda38b0b5b780dad9f9fcec5a24e3"}
,"D:\\CODE\\F-BEE24001186-km7-roy-bankingsystem-ch2\\src\\server\\services\\userService.js": {"path":"D:\\CODE\\F-BEE24001186-km7-roy-bankingsystem-ch2\\src\\server\\services\\userService.js","statementMap":{"0":{"start":{"line":5,"column":4},"end":{"line":5,"column":37}},"1":{"start":{"line":9,"column":4},"end":{"line":13,"column":7}},"2":{"start":{"line":17,"column":4},"end":{"line":20,"column":7}},"3":{"start":{"line":24,"column":4},"end":{"line":26,"column":7}},"4":{"start":{"line":30,"column":37},"end":{"line":30,"column":41}},"5":{"start":{"line":31,"column":4},"end":{"line":41,"column":7}},"6":{"start":{"line":45,"column":37},"end":{"line":45,"column":41}},"7":{"start":{"line":46,"column":19},"end":{"line":46,"column":31}},"8":{"start":{"line":48,"column":24},"end":{"line":54,"column":6}},"9":{"start":{"line":56,"column":4},"end":{"line":58,"column":5}},"10":{"start":{"line":57,"column":6},"end":{"line":57,"column":48}},"11":{"start":{"line":60,"column":4},"end":{"line":60,"column":23}},"12":{"start":{"line":64,"column":24},"end":{"line":66,"column":6}},"13":{"start":{"line":68,"column":4},"end":{"line":70,"column":5}},"14":{"start":{"line":69,"column":6},"end":{"line":69,"column":43}},"15":{"start":{"line":72,"column":4},"end":{"line":75,"column":7}}},"fnMap":{"0":{"name":"(anonymous_0)","decl":{"start":{"line":4,"column":2},"end":{"line":4,"column":3}},"loc":{"start":{"line":4,"column":16},"end":{"line":6,"column":3}},"line":4},"1":{"name":"(anonymous_1)","decl":{"start":{"line":8,"column":2},"end":{"line":8,"column":3}},"loc":{"start":{"line":8,"column":22},"end":{"line":14,"column":3}},"line":8},"2":{"name":"(anonymous_2)","decl":{"start":{"line":16,"column":2},"end":{"line":16,"column":3}},"loc":{"start":{"line":16,"column":24},"end":{"line":21,"column":3}},"line":16},"3":{"name":"(anonymous_3)","decl":{"start":{"line":23,"column":2},"end":{"line":23,"column":3}},"loc":{"start":{"line":23,"column":30},"end":{"line":27,"column":3}},"line":23},"4":{"name":"(anonymous_4)","decl":{"start":{"line":29,"column":2},"end":{"line":29,"column":3}},"loc":{"start":{"line":29,"column":25},"end":{"line":42,"column":3}},"line":29},"5":{"name":"(anonymous_5)","decl":{"start":{"line":44,"column":2},"end":{"line":44,"column":3}},"loc":{"start":{"line":44,"column":29},"end":{"line":61,"column":3}},"line":44},"6":{"name":"(anonymous_6)","decl":{"start":{"line":63,"column":2},"end":{"line":63,"column":3}},"loc":{"start":{"line":63,"column":36},"end":{"line":76,"column":3}},"line":63}},"branchMap":{"0":{"loc":{"start":{"line":56,"column":4},"end":{"line":58,"column":5}},"type":"if","locations":[{"start":{"line":56,"column":4},"end":{"line":58,"column":5}},{"start":{},"end":{}}],"line":56},"1":{"loc":{"start":{"line":68,"column":4},"end":{"line":70,"column":5}},"type":"if","locations":[{"start":{"line":68,"column":4},"end":{"line":70,"column":5}},{"start":{},"end":{}}],"line":68}},"s":{"0":7,"1":1,"2":1,"3":1,"4":1,"5":1,"6":2,"7":2,"8":2,"9":2,"10":2,"11":1,"12":2,"13":2,"14":1,"15":1},"f":{"0":7,"1":1,"2":1,"3":1,"4":1,"5":2,"6":2},"b":{"0":[2,0],"1":[1,1]},"_coverageSchema":"1a1c01bbd47fc00a2c39e90264f33305004495a9","hash":"e164ace63c8472735ba984325795096b4b734897"}
}
