TN:
SF:src\server\services\accountSevice.js
FN:4,(anonymous_0)
FN:8,(anonymous_1)
FN:16,(anonymous_2)
FN:25,(anonymous_3)
FN:33,(anonymous_4)
FN:48,(anonymous_5)
FN:55,(anonymous_6)
FNF:7
FNH:7
FNDA:7,(anonymous_0)
FNDA:1,(anonymous_1)
FNDA:1,(anonymous_2)
FNDA:1,(anonymous_3)
FNDA:1,(anonymous_4)
FNDA:1,(anonymous_5)
FNDA:1,(anonymous_6)
DA:5,7
DA:9,1
DA:17,1
DA:26,1
DA:34,1
DA:49,1
DA:56,1
LF:7
LH:7
BRF:0
BRH:0
end_of_record
TN:
SF:src\server\services\userService.js
FN:4,(anonymous_0)
FN:8,(anonymous_1)
FN:16,(anonymous_2)
FN:23,(anonymous_3)
FN:29,(anonymous_4)
FN:44,(anonymous_5)
FN:63,(anonymous_6)
FNF:7
FNH:7
FNDA:7,(anonymous_0)
FNDA:1,(anonymous_1)
FNDA:1,(anonymous_2)
FNDA:1,(anonymous_3)
FNDA:1,(anonymous_4)
FNDA:2,(anonymous_5)
FNDA:2,(anonymous_6)
DA:5,7
DA:9,1
DA:17,1
DA:24,1
DA:30,1
DA:31,1
DA:45,2
DA:46,2
DA:48,2
DA:56,2
DA:57,2
DA:60,1
DA:64,2
DA:68,2
DA:69,1
DA:72,1
LF:16
LH:16
BRDA:56,0,0,2
BRDA:56,0,1,0
BRDA:68,1,0,1
BRDA:68,1,1,1
BRF:4
BRH:3
end_of_record
